# JRE version: Java(TM) SE Runtime Environment (18.0.1.1+2) (build 18.0.1.1+2-6)
# Java VM: Java HotSpot(TM) 64-Bit Server VM (18.0.1.1+2-6, mixed mode, emulated-client, sharing, tiered, compressed oops, compressed class ptrs, g1 gc, windows-amd64)
GC Precious Log:
 CardTable entry size: 512
 Card Set container configuration: InlinePtr #cards 4 size 8 Array Of Cards #cards 16 size 48 Howl #buckets 8 coarsen threshold 3686 Howl Bitmap #cards 512 size 80 coarsen threshold 460 Card regions per heap region 1 cards per card region 4096
 CPUs: 12 total, 12 available
 Memory: 16310M
 Large Page Support: Disabled
 NUMA Support: Disabled
 Compressed Oops: Enabled (Zero based)
 Heap Region Size: 2M
 Heap Min Capacity: 8M
 Heap Initial Capacity: 256M
 Heap Max Capacity: 4078M
 Pre-touch: Disabled
 Parallel Workers: 10
 Concurrent Workers: 3
 Concurrent Refinement Workers: 10
 Periodic GC: Disabled
Heap:
 garbage-first heap   total 110592K, used 81485K [0x0000000701200000, 0x0000000800000000)
  region size 2048K, 26 young (53248K), 3 survivors (6144K)
 Metaspace       used 71990K, committed 73536K, reserved 1179648K
  class space    used 9790K, committed 10432K, reserved 1048576K
GC Heap History (20 events):
Event: 11846.889 GC heap after
{Heap after GC invocations=75 (full 6):
 garbage-first heap   total 110592K, used 60619K [0x0000000701200000, 0x0000000800000000)
  region size 2048K, 2 young (4096K), 2 survivors (4096K)
 Metaspace       used 76466K, committed 77376K, reserved 1179648K
  class space    used 10129K, committed 10560K, reserved 1048576K
}
Event: 11886.482 GC heap before
{Heap before GC invocations=75 (full 6):
 garbage-first heap   total 110592K, used 89291K [0x0000000701200000, 0x0000000800000000)
  region size 2048K, 16 young (32768K), 2 survivors (4096K)
 Metaspace       used 76466K, committed 77376K, reserved 1179648K
  class space    used 10129K, committed 10560K, reserved 1048576K
}
Event: 11886.483 GC heap after
{Heap after GC invocations=76 (full 6):
 garbage-first heap   total 110592K, used 60609K [0x0000000701200000, 0x0000000800000000)
  region size 2048K, 1 young (2048K), 1 survivors (2048K)
 Metaspace       used 76466K, committed 77376K, reserved 1179648K
  class space    used 10129K, committed 10560K, reserved 1048576K
}
Event: 11889.787 GC heap before
{Heap before GC invocations=76 (full 6):
 garbage-first heap   total 110592K, used 64705K [0x0000000701200000, 0x0000000800000000)
  region size 2048K, 4 young (8192K), 1 survivors (2048K)
 Metaspace       used 76495K, committed 77376K, reserved 1179648K
  class space    used 10130K, committed 10560K, reserved 1048576K
}
Event: 11889.820 GC heap after
{Heap after GC invocations=77 (full 7):
 garbage-first heap   total 110592K, used 27340K [0x0000000701200000, 0x0000000800000000)
  region size 2048K, 0 young (0K), 0 survivors (0K)
 Metaspace       used 70942K, committed 73920K, reserved 1179648K
  class space    used 9688K, committed 10496K, reserved 1048576K
}
Event: 11890.559 GC heap before
{Heap before GC invocations=77 (full 7):
 garbage-first heap   total 110592K, used 84684K [0x0000000701200000, 0x0000000800000000)
  region size 2048K, 28 young (57344K), 0 survivors (0K)
 Metaspace       used 71327K, committed 73920K, reserved 1179648K
  class space    used 9748K, committed 10496K, reserved 1048576K
}
Event: 11890.561 GC heap after
{Heap after GC invocations=78 (full 7):
 garbage-first heap   total 110592K, used 32163K [0x0000000701200000, 0x0000000800000000)
  region size 2048K, 3 young (6144K), 3 survivors (6144K)
 Metaspace       used 71327K, committed 73920K, reserved 1179648K
  class space    used 9748K, committed 10496K, reserved 1048576K
}
Event: 11893.959 GC heap before
{Heap before GC invocations=78 (full 7):
 garbage-first heap   total 110592K, used 83363K [0x0000000701200000, 0x0000000800000000)
  region size 2048K, 28 young (57344K), 3 survivors (6144K)
 Metaspace       used 71640K, committed 73920K, reserved 1179648K
  class space    used 9780K, committed 10496K, reserved 1048576K
}
Event: 11893.962 GC heap after
{Heap after GC invocations=79 (full 7):
 garbage-first heap   total 110592K, used 35879K [0x0000000701200000, 0x0000000800000000)
  region size 2048K, 3 young (6144K), 3 survivors (6144K)
 Metaspace       used 71640K, committed 73920K, reserved 1179648K
  class space    used 9780K, committed 10496K, reserved 1048576K
}
Event: 11917.828 GC heap before
{Heap before GC invocations=79 (full 7):
 garbage-first heap   total 110592K, used 54311K [0x0000000701200000, 0x0000000800000000)
  region size 2048K, 13 young (26624K), 3 survivors (6144K)
 Metaspace       used 71643K, committed 73920K, reserved 1179648K
  class space    used 9780K, committed 10496K, reserved 1048576K
}
Event: 11917.858 GC heap after
{Heap after GC invocations=80 (full 8):
 garbage-first heap   total 110592K, used 30137K [0x0000000701200000, 0x0000000800000000)
  region size 2048K, 0 young (0K), 0 survivors (0K)
 Metaspace       used 71008K, committed 73536K, reserved 1179648K
  class space    used 9710K, committed 10432K, reserved 1048576K
}
Event: 11918.163 GC heap before
{Heap before GC invocations=80 (full 8):
 garbage-first heap   total 110592K, used 81337K [0x0000000701200000, 0x0000000800000000)
  region size 2048K, 26 young (53248K), 0 survivors (0K)
 Metaspace       used 71245K, committed 73536K, reserved 1179648K
  class space    used 9733K, committed 10432K, reserved 1048576K
}
Event: 11918.165 GC heap after
{Heap after GC invocations=81 (full 8):
 garbage-first heap   total 110592K, used 33894K [0x0000000701200000, 0x0000000800000000)
  region size 2048K, 2 young (4096K), 2 survivors (4096K)
 Metaspace       used 71245K, committed 73536K, reserved 1179648K
  class space    used 9733K, committed 10432K, reserved 1048576K
}
Event: 11924.976 GC heap before
{Heap before GC invocations=81 (full 8):
 garbage-first heap   total 110592K, used 83046K [0x0000000701200000, 0x0000000800000000)
  region size 2048K, 26 young (53248K), 2 survivors (4096K)
 Metaspace       used 71494K, committed 73536K, reserved 1179648K
  class space    used 9749K, committed 10432K, reserved 1048576K
}
Event: 11924.977 GC heap after
{Heap after GC invocations=82 (full 8):
 garbage-first heap   total 110592K, used 35471K [0x0000000701200000, 0x0000000800000000)
  region size 2048K, 3 young (6144K), 3 survivors (6144K)
 Metaspace       used 71494K, committed 73536K, reserved 1179648K
  class space    used 9749K, committed 10432K, reserved 1048576K
}
Event: 11949.487 GC heap before
{Heap before GC invocations=82 (full 8):
 garbage-first heap   total 110592K, used 53903K [0x0000000701200000, 0x0000000800000000)
  region size 2048K, 13 young (26624K), 3 survivors (6144K)
 Metaspace       used 71497K, committed 73536K, reserved 1179648K
  class space    used 9749K, committed 10432K, reserved 1048576K
}
Event: 11949.516 GC heap after
{Heap after GC invocations=83 (full 9):
 garbage-first heap   total 110592K, used 30679K [0x0000000701200000, 0x0000000800000000)
  region size 2048K, 0 young (0K), 0 survivors (0K)
 Metaspace       used 71495K, committed 73536K, reserved 1179648K
  class space    used 9749K, committed 10432K, reserved 1048576K
}
Event: 11949.806 GC heap before
{Heap before GC invocations=83 (full 9):
 garbage-first heap   total 110592K, used 79831K [0x0000000701200000, 0x0000000800000000)
  region size 2048K, 25 young (51200K), 0 survivors (0K)
 Metaspace       used 71710K, committed 73536K, reserved 1179648K
  class space    used 9772K, committed 10432K, reserved 1048576K
}
Event: 11949.808 GC heap after
{Heap after GC invocations=84 (full 9):
 garbage-first heap   total 110592K, used 34381K [0x0000000701200000, 0x0000000800000000)
  region size 2048K, 2 young (4096K), 2 survivors (4096K)
 Metaspace       used 71710K, committed 73536K, reserved 1179648K
  class space    used 9772K, committed 10432K, reserved 1048576K
}
Event: 11973.399 GC heap before
{Heap before GC invocations=84 (full 9):
 garbage-first heap   total 110592K, used 81485K [0x0000000701200000, 0x0000000800000000)
  region size 2048K, 25 young (51200K), 2 survivors (4096K)
 Metaspace       used 71990K, committed 73536K, reserved 1179648K
  class space    used 9790K, committed 10432K, reserved 1048576K
}

