# JRE version: Java(TM) SE Runtime Environment (18.0.1.1+2) (build 18.0.1.1+2-6)
# Java VM: Java HotSpot(TM) 64-Bit Server VM (18.0.1.1+2-6, mixed mode, emulated-client, sharing, tiered, compressed oops, compressed class ptrs, g1 gc, windows-amd64)
GC Precious Log:
 CardTable entry size: 512
 Card Set container configuration: InlinePtr #cards 4 size 8 Array Of Cards #cards 16 size 48 Howl #buckets 8 coarsen threshold 3686 Howl Bitmap #cards 512 size 80 coarsen threshold 460 Card regions per heap region 1 cards per card region 4096
 CPUs: 12 total, 12 available
 Memory: 16310M
 Large Page Support: Disabled
 NUMA Support: Disabled
 Compressed Oops: Enabled (Zero based)
 Heap Region Size: 2M
 Heap Min Capacity: 8M
 Heap Initial Capacity: 256M
 Heap Max Capacity: 4078M
 Pre-touch: Disabled
 Parallel Workers: 10
 Concurrent Workers: 3
 Concurrent Refinement Workers: 10
 Periodic GC: Disabled
Heap:
 garbage-first heap   total 122880K, used 99340K [0x0000000701200000, 0x0000000800000000)
  region size 2048K, 23 young (47104K), 1 survivors (2048K)
 Metaspace       used 76002K, committed 77248K, reserved 1179648K
  class space    used 10138K, committed 10816K, reserved 1048576K
GC Heap History (20 events):
Event: 35698.298 GC heap after
{Heap after GC invocations=362 (full 14):
 garbage-first heap   total 122880K, used 47817K [0x0000000701200000, 0x0000000800000000)
  region size 2048K, 1 young (2048K), 1 survivors (2048K)
 Metaspace       used 75468K, committed 76864K, reserved 1179648K
  class space    used 10064K, committed 10816K, reserved 1048576K
}
Event: 35774.666 GC heap before
{Heap before GC invocations=363 (full 14):
 garbage-first heap   total 122880K, used 105161K [0x0000000701200000, 0x0000000800000000)
  region size 2048K, 29 young (59392K), 1 survivors (2048K)
 Metaspace       used 75454K, committed 76864K, reserved 1179648K
  class space    used 10062K, committed 10816K, reserved 1048576K
}
Event: 35774.667 GC heap after
{Heap after GC invocations=364 (full 14):
 garbage-first heap   total 122880K, used 47782K [0x0000000701200000, 0x0000000800000000)
  region size 2048K, 1 young (2048K), 1 survivors (2048K)
 Metaspace       used 75454K, committed 76864K, reserved 1179648K
  class space    used 10062K, committed 10816K, reserved 1048576K
}
Event: 35851.101 GC heap before
{Heap before GC invocations=364 (full 14):
 garbage-first heap   total 122880K, used 105126K [0x0000000701200000, 0x0000000800000000)
  region size 2048K, 29 young (59392K), 1 survivors (2048K)
 Metaspace       used 75454K, committed 76864K, reserved 1179648K
  class space    used 10062K, committed 10816K, reserved 1048576K
}
Event: 35851.102 GC heap after
{Heap after GC invocations=365 (full 14):
 garbage-first heap   total 122880K, used 47843K [0x0000000701200000, 0x0000000800000000)
  region size 2048K, 1 young (2048K), 1 survivors (2048K)
 Metaspace       used 75454K, committed 76864K, reserved 1179648K
  class space    used 10062K, committed 10816K, reserved 1048576K
}
Event: 35927.949 GC heap before
{Heap before GC invocations=366 (full 14):
 garbage-first heap   total 122880K, used 105187K [0x0000000701200000, 0x0000000800000000)
  region size 2048K, 29 young (59392K), 1 survivors (2048K)
 Metaspace       used 75454K, committed 76864K, reserved 1179648K
  class space    used 10062K, committed 10816K, reserved 1048576K
}
Event: 35927.950 GC heap after
{Heap after GC invocations=367 (full 14):
 garbage-first heap   total 122880K, used 47807K [0x0000000701200000, 0x0000000800000000)
  region size 2048K, 1 young (2048K), 1 survivors (2048K)
 Metaspace       used 75454K, committed 76864K, reserved 1179648K
  class space    used 10062K, committed 10816K, reserved 1048576K
}
Event: 36004.636 GC heap before
{Heap before GC invocations=367 (full 14):
 garbage-first heap   total 122880K, used 105151K [0x0000000701200000, 0x0000000800000000)
  region size 2048K, 29 young (59392K), 1 survivors (2048K)
 Metaspace       used 75464K, committed 76864K, reserved 1179648K
  class space    used 10063K, committed 10816K, reserved 1048576K
}
Event: 36004.637 GC heap after
{Heap after GC invocations=368 (full 14):
 garbage-first heap   total 122880K, used 47887K [0x0000000701200000, 0x0000000800000000)
  region size 2048K, 1 young (2048K), 1 survivors (2048K)
 Metaspace       used 75464K, committed 76864K, reserved 1179648K
  class space    used 10063K, committed 10816K, reserved 1048576K
}
Event: 36081.588 GC heap before
{Heap before GC invocations=369 (full 14):
 garbage-first heap   total 122880K, used 105231K [0x0000000701200000, 0x0000000800000000)
  region size 2048K, 29 young (59392K), 1 survivors (2048K)
 Metaspace       used 75454K, committed 76864K, reserved 1179648K
  class space    used 10062K, committed 10816K, reserved 1048576K
}
Event: 36081.589 GC heap after
{Heap after GC invocations=370 (full 14):
 garbage-first heap   total 122880K, used 47853K [0x0000000701200000, 0x0000000800000000)
  region size 2048K, 1 young (2048K), 1 survivors (2048K)
 Metaspace       used 75454K, committed 76864K, reserved 1179648K
  class space    used 10062K, committed 10816K, reserved 1048576K
}
Event: 36158.744 GC heap before
{Heap before GC invocations=370 (full 14):
 garbage-first heap   total 122880K, used 105197K [0x0000000701200000, 0x0000000800000000)
  region size 2048K, 29 young (59392K), 1 survivors (2048K)
 Metaspace       used 75454K, committed 76864K, reserved 1179648K
  class space    used 10062K, committed 10816K, reserved 1048576K
}
Event: 36158.744 GC heap after
{Heap after GC invocations=371 (full 14):
 garbage-first heap   total 122880K, used 47771K [0x0000000701200000, 0x0000000800000000)
  region size 2048K, 1 young (2048K), 1 survivors (2048K)
 Metaspace       used 75454K, committed 76864K, reserved 1179648K
  class space    used 10062K, committed 10816K, reserved 1048576K
}
Event: 36235.580 GC heap before
{Heap before GC invocations=372 (full 14):
 garbage-first heap   total 122880K, used 105115K [0x0000000701200000, 0x0000000800000000)
  region size 2048K, 29 young (59392K), 1 survivors (2048K)
 Metaspace       used 75454K, committed 76864K, reserved 1179648K
  class space    used 10062K, committed 10816K, reserved 1048576K
}
Event: 36235.581 GC heap after
{Heap after GC invocations=373 (full 14):
 garbage-first heap   total 122880K, used 47843K [0x0000000701200000, 0x0000000800000000)
  region size 2048K, 1 young (2048K), 1 survivors (2048K)
 Metaspace       used 75454K, committed 76864K, reserved 1179648K
  class space    used 10062K, committed 10816K, reserved 1048576K
}
Event: 36276.279 GC heap before
{Heap before GC invocations=373 (full 14):
 garbage-first heap   total 122880K, used 105187K [0x0000000701200000, 0x0000000800000000)
  region size 2048K, 29 young (59392K), 1 survivors (2048K)
 Metaspace       used 75605K, committed 76864K, reserved 1179648K
  class space    used 10084K, committed 10816K, reserved 1048576K
}
Event: 36276.281 GC heap after
{Heap after GC invocations=374 (full 14):
 garbage-first heap   total 122880K, used 50239K [0x0000000701200000, 0x0000000800000000)
  region size 2048K, 2 young (4096K), 2 survivors (4096K)
 Metaspace       used 75605K, committed 76864K, reserved 1179648K
  class space    used 10084K, committed 10816K, reserved 1048576K
}
Event: 36288.142 GC heap before
{Heap before GC invocations=375 (full 14):
 garbage-first heap   total 122880K, used 101439K [0x0000000701200000, 0x0000000800000000)
  region size 2048K, 28 young (57344K), 2 survivors (4096K)
 Metaspace       used 76002K, committed 77248K, reserved 1179648K
  class space    used 10138K, committed 10816K, reserved 1048576K
}
Event: 36288.144 GC heap after
{Heap after GC invocations=376 (full 14):
 garbage-first heap   total 122880K, used 54284K [0x0000000701200000, 0x0000000800000000)
  region size 2048K, 4 young (8192K), 4 survivors (8192K)
 Metaspace       used 76002K, committed 77248K, reserved 1179648K
  class space    used 10138K, committed 10816K, reserved 1048576K
}
Event: 36348.248 GC heap before
{Heap before GC invocations=376 (full 14):
 garbage-first heap   total 122880K, used 99340K [0x0000000701200000, 0x0000000800000000)
  region size 2048K, 26 young (53248K), 4 survivors (8192K)
 Metaspace       used 76002K, committed 77248K, reserved 1179648K
  class space    used 10138K, committed 10816K, reserved 1048576K
}

